<?xml version="1.0" encoding="UTF-8"?>
<!-- Generated by org.testng.reporters.JUnitReportReporter -->
<testsuite hostname="DESKTOP-HR4M3O5" name="test.FrameIndexTest" tests="1" failures="0" timestamp="7 Jul 2019 18:34:19 GMT" time="2.754" errors="0">
  <testcase name="FrameExampleTest" time="2.754" classname="test.FrameIndexTest"/>
</testsuite> <!-- test.FrameIndexTest -->
