<?xml version="1.0" encoding="UTF-8"?>
<!-- Generated by org.testng.reporters.JUnitReportReporter -->
<testsuite hostname="DESKTOP-HR4M3O5" name="DropDownSort.VerifySorted" tests="1" failures="0" timestamp="14 Jun 2019 00:29:11 GMT" time="27.035" errors="0">
  <testcase name="runTestOnDocker" time="27.035" classname="DropDownSort.VerifySorted"/>
</testsuite> <!-- DropDownSort.VerifySorted -->
