<?xml version="1.0" encoding="UTF-8"?>
<!-- Generated by org.testng.reporters.JUnitReportReporter -->
<testsuite hostname="DESKTOP-HR4M3O5" name="alertsDemo.AlertInterface" tests="1" failures="0" timestamp="20 Jul 2019 10:29:31 GMT" time="28.051" errors="0">
  <testcase name="alertWindow" time="28.051" classname="alertsDemo.AlertInterface"/>
</testsuite> <!-- alertsDemo.AlertInterface -->
