<?xml version="1.0" encoding="UTF-8"?>
<!-- Generated by org.testng.reporters.JUnitReportReporter -->
<testsuite hostname="DESKTOP-HR4M3O5" name="test.CBTest" tests="3" failures="0" timestamp="6 Jun 2019 23:49:27 GMT" time="62.275" errors="0">
  <testcase name="test1" time="42.606" classname="test.CBTest"/>
  <testcase name="test1" time="3.636" classname="test.CBTest"/>
  <testcase name="test1" time="16.033" classname="test.CBTest"/>
</testsuite> <!-- test.CBTest -->
