<?xml version="1.0" encoding="UTF-8"?>
<!-- Generated by org.testng.reporters.JUnitReportReporter -->
<testsuite hostname="DESKTOP-HR4M3O5" name="pom.PomFactoryDemo" tests="1" failures="0" timestamp="8 Jun 2019 17:45:45 GMT" time="44.744" errors="0">
  <testcase name="checkValidUser" time="44.744" classname="pom.PomFactoryDemo"/>
</testsuite> <!-- pom.PomFactoryDemo -->
