<?xml version="1.0" encoding="UTF-8"?>
<!-- Generated by org.testng.reporters.JUnitReportReporter -->
<testsuite hostname="DESKTOP-HR4M3O5" name="auto_it.UploadMultipleFiles" tests="1" failures="0" timestamp="20 Jun 2019 21:03:30 GMT" time="46.545" errors="0">
  <testcase name="UploadMultiplFiles" time="46.545" classname="auto_it.UploadMultipleFiles"/>
</testsuite> <!-- auto_it.UploadMultipleFiles -->
