<?xml version="1.0" encoding="UTF-8"?>
<!-- Generated by org.testng.reporters.JUnitReportReporter -->
<testsuite hostname="DESKTOP-HR4M3O5" name="test.testNGXML" tests="1" failures="0" timestamp="6 Jun 2019 14:43:09 GMT" time="0.126" errors="0">
  <testcase name="xmlDemo" time="0.126" classname="test.testNGXML"/>
</testsuite> <!-- test.testNGXML -->
