<?xml version="1.0" encoding="UTF-8"?>
<!-- Generated by org.testng.reporters.JUnitReportReporter -->
<testsuite hostname="DESKTOP-HR4M3O5" name="ddf.TestDDT1" tests="4" failures="0" timestamp="8 Jun 2019 13:02:10 GMT" time="3.595" errors="0">
  <testcase name="TestFireFox" time="1.405" classname="ddf.TestDDT1"/>
  <testcase name="TestFireFox" time="0.622" classname="ddf.TestDDT1"/>
  <testcase name="TestFireFox" time="0.821" classname="ddf.TestDDT1"/>
  <testcase name="TestFireFox" time="0.747" classname="ddf.TestDDT1"/>
</testsuite> <!-- ddf.TestDDT1 -->
