<?xml version="1.0" encoding="UTF-8"?>
<!-- Generated by org.testng.reporters.JUnitReportReporter -->
<testsuite hostname="DESKTOP-HR4M3O5" name="pom.PomDemoTest" tests="1" failures="0" timestamp="29 Jul 2019 02:12:36 GMT" time="50.205" errors="0">
  <testcase name="verifyValidLogin" time="50.205" classname="pom.PomDemoTest"/>
</testsuite> <!-- pom.PomDemoTest -->
