<?xml version="1.0" encoding="UTF-8"?>
<!-- Generated by org.testng.reporters.JUnitReportReporter -->
<testsuite hostname="DESKTOP-HR4M3O5" name="DropDownSort.VerifySortedDescending" tests="1" failures="0" timestamp="14 Jun 2019 01:09:14 GMT" time="276.877" errors="0">
  <testcase name="runTestOnDocker" time="276.877" classname="DropDownSort.VerifySortedDescending"/>
</testsuite> <!-- DropDownSort.VerifySortedDescending -->
