<?xml version="1.0" encoding="UTF-8"?>
<!-- Generated by org.testng.reporters.JUnitReportReporter -->
<testsuite hostname="DESKTOP-HR4M3O5" name="aktions.AutoCompleteExample" tests="1" failures="0" timestamp="11 Jul 2019 14:58:28 GMT" time="6.506" errors="0">
  <testcase name="rightClickTest" time="6.506" classname="aktions.AutoCompleteExample"/>
</testsuite> <!-- aktions.AutoCompleteExample -->
