<?xml version="1.0" encoding="UTF-8"?>
<!-- Generated by org.testng.reporters.JUnitReportReporter -->
<testsuite hostname="DESKTOP-HR4M3O5" name="auto_it.DemoFileUpload" tests="1" failures="0" timestamp="19 Jun 2019 18:04:37 GMT" time="22.477" errors="0">
  <testcase name="testAutoIt" time="22.477" classname="auto_it.DemoFileUpload"/>
</testsuite> <!-- auto_it.DemoFileUpload -->
