<?xml version="1.0" encoding="UTF-8"?>
<!-- Generated by org.testng.reporters.JUnitReportReporter -->
<testsuite hostname="DESKTOP-HR4M3O5" name="DropDownSort.VerifySortedAscending" tests="1" failures="0" timestamp="29 Jul 2019 02:13:08 GMT" time="13.618" errors="0">
  <testcase name="runTestOnDocker" time="13.618" classname="DropDownSort.VerifySortedAscending"/>
</testsuite> <!-- DropDownSort.VerifySortedAscending -->
