<?xml version="1.0" encoding="UTF-8"?>
<!-- Generated by org.testng.reporters.JUnitReportReporter -->
<testsuite hostname="DESKTOP-HR4M3O5" name="ddf.TestDDT" tests="2" failures="0" timestamp="8 Jun 2019 13:01:17 GMT" time="49.155" errors="0">
  <testcase name="TestFireFox" time="24.188" classname="ddf.TestDDT"/>
  <testcase name="TestFireFox" time="24.967" classname="ddf.TestDDT"/>
</testsuite> <!-- ddf.TestDDT -->
