<?xml version="1.0" encoding="UTF-8"?>
<!-- Generated by org.testng.reporters.JUnitReportReporter -->
<testsuite hostname="DESKTOP-HR4M3O5" name="session_demo.TestMultipleSession" tests="2" failures="0" timestamp="22 Jun 2019 14:33:53 GMT" time="47.617" errors="0">
  <testcase name="executSessionOne" time="20.145" classname="session_demo.TestMultipleSession"/>
  <testcase name="executeSessionTwo" time="27.472" classname="session_demo.TestMultipleSession"/>
</testsuite> <!-- session_demo.TestMultipleSession -->
